<?xml version="1.0" encoding="UTF-8"?>
<robot generator="Robot 5.0.1 (Python 3.9.13 on win32)" generated="20220712 22:19:46.606" rpa="false" schemaversion="3">
<suite id="s1" name="Hurb" source="D:\OneDrive - Badixy\Personal\Estudo\digital-house\certified-tech-developer\disciplinas\testing-01\RobotFramework AvaliacaoFinal\hurb.robot">
<test id="s1-t1" name="Processo de reserva de pacote de viagens para Tóquio - Japão" line="10">
<kw name="Abrir o site do Hurb" library="hurb" type="SETUP">
<kw name="Set Selenium Speed" library="SeleniumLibrary">
<arg>0.25</arg>
<doc>Sets the delay that is waited after each Selenium command.</doc>
<status status="PASS" starttime="20220712 22:19:46.858" endtime="20220712 22:19:46.858"/>
</kw>
<kw name="Open Browser" library="SeleniumLibrary">
<arg>${SITE}</arg>
<arg>${NAVEGADOR}</arg>
<doc>Opens a new browser instance to the optional ``url``.</doc>
<msg timestamp="20220712 22:19:46.859" level="INFO">Opening browser 'Chrome' to base url 'https://hurb.com/br'.</msg>
<msg timestamp="20220712 22:19:51.545" level="INFO" html="true">&lt;/td&gt;&lt;/tr&gt;&lt;tr&gt;&lt;td colspan="3"&gt;&lt;a href="selenium-screenshot-4.png"&gt;&lt;img src="selenium-screenshot-4.png" width="800px"&gt;&lt;/a&gt;</msg>
<msg timestamp="20220712 22:19:51.546" level="FAIL">WebDriverException: Message: unknown error: cannot determine loading status
from unknown error: unexpected command response
  (Session info: chrome=103.0.5060.114)
Stacktrace:
Backtrace:
	Ordinal0 [0x00626463+2188387]
	Ordinal0 [0x005BE461+1762401]
	Ordinal0 [0x004D3D78+802168]
	Ordinal0 [0x004C7210+750096]
	Ordinal0 [0x004C675A+747354]
	Ordinal0 [0x004C5D3F+744767]
	Ordinal0 [0x004C4C28+740392]
	Ordinal0 [0x004C5228+741928]
	Ordinal0 [0x004CF153+782675]
	Ordinal0 [0x004D9FBB+827323]
	Ordinal0 [0x004DD310+840464]
	Ordinal0 [0x004C54F6+742646]
	Ordinal0 [0x004D9BF3+826355]
	Ordinal0 [0x0052CF6D+1167213]
	Ordinal0 [0x0051C5F6+1099254]
	Ordinal0 [0x004F6BE0+945120]
	Ordinal0 [0x004F7AD6+948950]
	GetHandleVerifier [0x008C71F2+2712546]
	GetHandleVerifier [0x008B886D+2652765]
	GetHandleVerifier [0x006B002A+520730]
	GetHandleVerifier [0x006AEE06+516086]
	Ordinal0 [0x005C468B+1787531]
	Ordinal0 [0x005C8E88+1805960]
	Ordinal0 [0x005C8F75+1806197]
	Ordinal0 [0x005D1DF1+1842673]
	BaseThreadInitThunk [0x7576FA29+25]
	RtlGetAppContainerNamedObjectPath [0x77127A9E+286]
	RtlGetAppContainerNamedObjectPath [0x77127A6E+238]
</msg>
<status status="FAIL" starttime="20220712 22:19:46.858" endtime="20220712 22:19:51.548"/>
</kw>
<kw name="Maximize Browser Window" library="SeleniumLibrary">
<doc>Maximizes current browser window.</doc>
<status status="NOT RUN" starttime="20220712 22:19:51.548" endtime="20220712 22:19:51.548"/>
</kw>
<status status="FAIL" starttime="20220712 22:19:46.857" endtime="20220712 22:19:51.549"/>
</kw>
<status status="FAIL" starttime="20220712 22:19:46.856" endtime="20220712 22:19:51.554">Setup failed:
WebDriverException: Message: unknown error: cannot determine loading status
from unknown error: unexpected command response
  (Session info: chrome=103.0.5060.114)
Stacktrace:
Backtrace:
	Ordinal0 [0x00626463+2188387]
	Ordinal0 [0x005BE461+1762401]
	Ordinal0 [0x004D3D78+802168]
	Ordinal0 [0x004C7210+750096]
	Ordinal0 [0x004C675A+747354]
	Ordinal0 [0x004C5D3F+744767]
	Ordinal0 [0x004C4C28+740392]
	Ordinal0 [0x004C5228+741928]
	Ordinal0 [0x004CF153+782675]
	Ordinal0 [0x004D9FBB+827323]
	Ordinal0 [0x004DD310+840464]
	Ordinal0 [0x004C54F6+742646]
	Ordinal0 [0x004D9BF3+826355]
	Ordinal0 [0x0052CF6D+1167213]
	Ordinal0 [0x0051C5F6+1099254]
	Ordinal0 [0x004F6BE0+945120]
	Ordinal0 [0x004F7AD6+948950]
	GetHandleVerifier [0x008C71F2+2712546]
	GetHandleVerifier [0x008B886D+2652765]
	GetHandleVerifier [0x006B002A+520730]
	GetHandleVerifier [0x006AEE06+516086]
	Ordinal0 [0x005C468B+1787531]
	Ordinal0 [0x005C8E88+1805960]
	Ordinal0 [0x005C8F75+1806197]
	Ordinal0 [0x005D1DF1+1842673]
	BaseThreadInitThunk [0x7576FA29+25]
	RtlGetAppContainerNamedObjectPath [0x77127A9E+286]
	RtlGetAppContainerNamedObjectPath [0x77127A6E+238]
</status>
</test>
<status status="FAIL" starttime="20220712 22:19:46.608" endtime="20220712 22:19:51.567"/>
</suite>
<statistics>
<total>
<stat pass="0" fail="1" skip="0">All Tests</stat>
</total>
<tag>
</tag>
<suite>
<stat pass="0" fail="1" skip="0" id="s1" name="Hurb">Hurb</stat>
</suite>
</statistics>
<errors>
</errors>
</robot>
